[0.008s] Invoking command in '/mnt/sda2/code/ros2/work_1/build/cpp_service': CMAKE_PREFIX_PATH=/mnt/sda2/code/ros2/work_1/install/interface:/mnt/sda2/code/ros2/work_1/install/cpp_service:/opt/ros/foxy /usr/bin/cmake --build /mnt/sda2/code/ros2/work_1/build/cpp_service -- -j24 -l24
[0.052s] [35m[1mScanning dependencies of target turtle_client[0m
[0.068s] [ 50%] Built target turtle_control
[0.073s] [ 75%] [32mBuilding CXX object CMakeFiles/turtle_client.dir/src/turtle_client.cpp.o[0m
[0.754s] [01m[K/mnt/sda2/code/ros2/work_1/src/cpp_service/src/turtle_client.cpp:[m[K In member function â€˜[01m[Krcl_interfaces::srv::SetParameters_Response_<std::allocator<void> >::SharedPtr TurtlrCilentNode::call_set_parameters(const Parameter&)[m[Kâ€™:
[0.754s] [01m[K/mnt/sda2/code/ros2/work_1/src/cpp_service/src/turtle_client.cpp:69:17:[m[K [01;31m[Kerror: [m[Kreturn-statement with no value, in function returning â€˜[01m[Krcl_interfaces::srv::SetParameters_Response_<std::allocator<void> >::SharedPtr[m[Kâ€™ {aka â€˜[01m[Kstd::shared_ptr<rcl_interfaces::srv::SetParameters_Response_<std::allocator<void> > >[m[Kâ€™} [[01;31m[K-fpermissive[m[K]
[0.754s]    69 |                 [01;31m[Kreturn[m[K;
[0.754s]       |                 [01;31m[K^~~~~~[m[K
[0.757s] [01m[K/mnt/sda2/code/ros2/work_1/src/cpp_service/src/turtle_client.cpp:79:22:[m[K [01;31m[Kerror: [m[Kâ€˜[01m[Kusing element_type = struct rcl_interfaces::srv::SetParameters_Response_<std::allocator<void> >[m[Kâ€™ {aka â€˜[01m[Kstruct rcl_interfaces::srv::SetParameters_Response_<std::allocator<void> >[m[Kâ€™} has no member named â€˜[01m[Kresult[m[Kâ€™; did you mean â€˜[01m[Kresults[m[Kâ€™?
[0.757s]    79 |         if(response->[01;31m[Kresult[m[K == interface::srv::Partol::Response::SUCCESS){
[0.757s]       |                      [01;31m[K^~~~~~[m[K
[0.757s]       |                      [32m[Kresults[m[K
[0.757s] [01m[K/mnt/sda2/code/ros2/work_1/src/cpp_service/src/turtle_client.cpp:82:22:[m[K [01;31m[Kerror: [m[Kâ€˜[01m[Kusing element_type = struct rcl_interfaces::srv::SetParameters_Response_<std::allocator<void> >[m[Kâ€™ {aka â€˜[01m[Kstruct rcl_interfaces::srv::SetParameters_Response_<std::allocator<void> >[m[Kâ€™} has no member named â€˜[01m[Kresult[m[Kâ€™; did you mean â€˜[01m[Kresults[m[Kâ€™?
[0.757s]    82 |         if(response->[01;31m[Kresult[m[K == interface::srv::Partol::Response::FAIL){
[0.757s]       |                      [01;31m[K^~~~~~[m[K
[0.757s]       |                      [32m[Kresults[m[K
[1.263s] make[2]: *** [CMakeFiles/turtle_client.dir/build.make:63ï¼šCMakeFiles/turtle_client.dir/src/turtle_client.cpp.o] é”™è¯¯ 1
[1.263s] make[1]: *** [CMakeFiles/Makefile2:80ï¼šCMakeFiles/turtle_client.dir/all] é”™è¯¯ 2
[1.263s] make: *** [Makefile:141ï¼šall] é”™è¯¯ 2
[1.265s] Invoked command in '/mnt/sda2/code/ros2/work_1/build/cpp_service' returned '2': CMAKE_PREFIX_PATH=/mnt/sda2/code/ros2/work_1/install/interface:/mnt/sda2/code/ros2/work_1/install/cpp_service:/opt/ros/foxy /usr/bin/cmake --build /mnt/sda2/code/ros2/work_1/build/cpp_service -- -j24 -l24
