[0.008s] Invoking command in '/mnt/sda2/code/ros2/work_1/build/cpp_service': AMENT_PREFIX_PATH=/mnt/sda2/code/ros2/work_1/install/interface:${AMENT_PREFIX_PATH} CMAKE_PREFIX_PATH=/mnt/sda2/code/ros2/work_1/install/interface:/opt/ros/foxy LD_LIBRARY_PATH=/mnt/sda2/code/ros2/work_1/install/interface/lib:${LD_LIBRARY_PATH} PYTHONPATH=/mnt/sda2/code/ros2/work_1/install/interface/lib/python3.8/site-packages:${PYTHONPATH} /usr/bin/cmake --build /mnt/sda2/code/ros2/work_1/build/cpp_service -- -j24 -l24
[0.048s] [35m[1mScanning dependencies of target turtle_client[0m
[0.070s] [ 50%] Built target turtle_control
[0.078s] [ 75%] [32mBuilding CXX object CMakeFiles/turtle_client.dir/src/turtle_client.cpp.o[0m
[0.756s] [01m[K/mnt/sda2/code/ros2/work_1/src/cpp_service/src/turtle_client.cpp:[m[K In lambda function:
[0.756s] [01m[K/mnt/sda2/code/ros2/work_1/src/cpp_service/src/turtle_client.cpp:32:21:[m[K [01;31m[Kerror: [m[Kâ€˜[01m[Kclass std::shared_ptr<interface::srv::Partol_Request_<std::allocator<void> > >[m[Kâ€™ has no member named â€˜[01m[Ktarget_x[m[Kâ€™
[0.756s]    32 |             request.[01;31m[Ktarget_x[m[K = rand() % 15;
[0.756s]       |                     [01;31m[K^~~~~~~~[m[K
[0.756s] [01m[K/mnt/sda2/code/ros2/work_1/src/cpp_service/src/turtle_client.cpp:33:21:[m[K [01;31m[Kerror: [m[Kâ€˜[01m[Kclass std::shared_ptr<interface::srv::Partol_Request_<std::allocator<void> > >[m[Kâ€™ has no member named â€˜[01m[Ktarget_y[m[Kâ€™
[0.756s]    33 |             request.[01;31m[Ktarget_y[m[K = rand() % 15;
[0.756s]       |                     [01;31m[K^~~~~~~~[m[K
[0.756s] [01m[K/mnt/sda2/code/ros2/work_1/src/cpp_service/src/turtle_client.cpp:[m[K In lambda function:
[0.756s] [01m[K/mnt/sda2/code/ros2/work_1/src/cpp_service/src/turtle_client.cpp:34:107:[m[K [01;35m[Kwarning: [m[Kunused parameter â€˜[01m[Kfuture[m[Kâ€™ [[01;35m[K-Wunused-parameter[m[K]
[0.756s]    34 |             client_->async_send_request(request, [&]([01;35m[Krclcpp::Client<interface::srv::Partol>::SharedFuture future[m[K){
[0.756s]       |                                                      [01;35m[K~~~~~~~~~~~~~~~~~~~~~~~~~~~~~~~~~~~~~~~~~~~~~~~~~~~~~^~~~~~[m[K
[1.043s] make[2]: *** [CMakeFiles/turtle_client.dir/build.make:63ï¼šCMakeFiles/turtle_client.dir/src/turtle_client.cpp.o] é”™è¯¯ 1
[1.043s] make[1]: *** [CMakeFiles/Makefile2:80ï¼šCMakeFiles/turtle_client.dir/all] é”™è¯¯ 2
[1.043s] make: *** [Makefile:141ï¼šall] é”™è¯¯ 2
[1.044s] Invoked command in '/mnt/sda2/code/ros2/work_1/build/cpp_service' returned '2': AMENT_PREFIX_PATH=/mnt/sda2/code/ros2/work_1/install/interface:${AMENT_PREFIX_PATH} CMAKE_PREFIX_PATH=/mnt/sda2/code/ros2/work_1/install/interface:/opt/ros/foxy LD_LIBRARY_PATH=/mnt/sda2/code/ros2/work_1/install/interface/lib:${LD_LIBRARY_PATH} PYTHONPATH=/mnt/sda2/code/ros2/work_1/install/interface/lib/python3.8/site-packages:${PYTHONPATH} /usr/bin/cmake --build /mnt/sda2/code/ros2/work_1/build/cpp_service -- -j24 -l24
