[0.010s] Invoking command in '/mnt/sda2/code/ros2/work_1/build/cpp_service': CMAKE_PREFIX_PATH=/mnt/sda2/code/ros2/work_1/install/interface:/mnt/sda2/code/ros2/work_1/install/cpp_service:/opt/ros/foxy /usr/bin/cmake --build /mnt/sda2/code/ros2/work_1/build/cpp_service -- -j24 -l24
[0.065s] [35m[1mScanning dependencies of target turtle_client[0m
[0.081s] [ 50%] Built target turtle_control
[0.086s] [ 75%] [32mBuilding CXX object CMakeFiles/turtle_client.dir/src/turtle_client.cpp.o[0m
[0.772s] [01m[K/mnt/sda2/code/ros2/work_1/src/cpp_service/src/turtle_client.cpp:[m[K In member function â€˜[01m[Krcl_interfaces::srv::SetParameters_Response_<std::allocator<void> >::SharedPtr TurtlrCilentNode::call_set_parameters(const Parameter&)[m[Kâ€™:
[0.772s] [01m[K/mnt/sda2/code/ros2/work_1/src/cpp_service/src/turtle_client.cpp:79:22:[m[K [01;31m[Kerror: [m[Kâ€˜[01m[Kusing element_type = struct rcl_interfaces::srv::SetParameters_Response_<std::allocator<void> >[m[Kâ€™ {aka â€˜[01m[Kstruct rcl_interfaces::srv::SetParameters_Response_<std::allocator<void> >[m[Kâ€™} has no member named â€˜[01m[Kresult[m[Kâ€™; did you mean â€˜[01m[Kresults[m[Kâ€™?
[0.772s]    79 |         if(response->[01;31m[Kresult[m[K == interface::srv::Partol::Response::SUCCESS){
[0.772s]       |                      [01;31m[K^~~~~~[m[K
[0.772s]       |                      [32m[Kresults[m[K
[0.772s] [01m[K/mnt/sda2/code/ros2/work_1/src/cpp_service/src/turtle_client.cpp:82:22:[m[K [01;31m[Kerror: [m[Kâ€˜[01m[Kusing element_type = struct rcl_interfaces::srv::SetParameters_Response_<std::allocator<void> >[m[Kâ€™ {aka â€˜[01m[Kstruct rcl_interfaces::srv::SetParameters_Response_<std::allocator<void> >[m[Kâ€™} has no member named â€˜[01m[Kresult[m[Kâ€™; did you mean â€˜[01m[Kresults[m[Kâ€™?
[0.772s]    82 |         if(response->[01;31m[Kresult[m[K == interface::srv::Partol::Response::FAIL){
[0.772s]       |                      [01;31m[K^~~~~~[m[K
[0.772s]       |                      [32m[Kresults[m[K
[1.264s] [01m[K/mnt/sda2/code/ros2/work_1/src/cpp_service/src/turtle_client.cpp:88:5:[m[K [01;35m[Kwarning: [m[Kcontrol reaches end of non-void function [[01;35m[K-Wreturn-type[m[K]
[1.264s]    88 |     [01;35m[K}[m[K
[1.264s]       |     [01;35m[K^[m[K
[1.289s] make[2]: *** [CMakeFiles/turtle_client.dir/build.make:63ï¼šCMakeFiles/turtle_client.dir/src/turtle_client.cpp.o] é”™è¯¯ 1
[1.289s] make[1]: *** [CMakeFiles/Makefile2:80ï¼šCMakeFiles/turtle_client.dir/all] é”™è¯¯ 2
[1.289s] make: *** [Makefile:141ï¼šall] é”™è¯¯ 2
[1.290s] Invoked command in '/mnt/sda2/code/ros2/work_1/build/cpp_service' returned '2': CMAKE_PREFIX_PATH=/mnt/sda2/code/ros2/work_1/install/interface:/mnt/sda2/code/ros2/work_1/install/cpp_service:/opt/ros/foxy /usr/bin/cmake --build /mnt/sda2/code/ros2/work_1/build/cpp_service -- -j24 -l24
